<?xml version="1.0" encoding="UTF-8"?>
<!-- Generated by org.testng.reporters.JUnitReportReporter -->
<testsuite hostname="DESKTOP-CFS2EAU" failures="0" tests="3" name="day1.HttpRequests" time="9.476" errors="0" timestamp="2025-01-08T09:15:48 IST" skipped="0">
  <testcase classname="day1.HttpRequests" name="createUserForGettingId" time="8.542"/>
  <testcase classname="day1.HttpRequests" name="updateUser" time="0.540"/>
  <testcase classname="day1.HttpRequests" name="deleteUser" time="0.394"/>
</testsuite> <!-- day1.HttpRequests -->
