<?xml version="1.0" encoding="UTF-8"?>
<!-- Generated by org.testng.reporters.JUnitReportReporter -->
<testsuite hostname="DESKTOP-CFS2EAU" failures="0" tests="1" name="shopperStack.SS_001_Scenario" time="9.367" errors="0" timestamp="2025-03-27T07:55:03 IST" skipped="0">
  <testcase classname="shopperStack.SS_001_Scenario" name="test_API_001" time="9.367"/>
</testsuite> <!-- shopperStack.SS_001_Scenario -->
