<?xml version="1.0" encoding="UTF-8"?>
<!-- Generated by org.testng.reporters.JUnitReportReporter -->
<testsuite hostname="DESKTOP-CFS2EAU" failures="0" tests="3" name="day1.HttpRequests" time="9.091" errors="0" timestamp="2024-12-21T21:59:15 IST" skipped="0">
  <testcase classname="day1.HttpRequests" name="createUserForGettingId" time="8.067"/>
  <testcase classname="day1.HttpRequests" name="updateUser" time="0.580"/>
  <testcase classname="day1.HttpRequests" name="deleteUser" time="0.444"/>
</testsuite> <!-- day1.HttpRequests -->
